WebDirectory.app/build/app/outputs/mapping/release/seeds.txt
io.flutter.embedding.engine.FlutterJNI: void nativeUpdateRefreshRate(float)
io.flutter.view.TextureRegistry$SurfaceTextureEntry: void setOnTrimMemoryListener(io.flutter.view.TextureRegistry$OnTrimMemoryListener)
androidx.window.layout.FoldingFeature$Orientation$Companion: FoldingFeature$Orientation$Companion()
androidx.window.embedding.SplitPlaceholderRule: java.util.Set getFilters()
io.flutter.view.FlutterCallbackInformation: FlutterCallbackInformation(java.lang.String,java.lang.String,java.lang.String)
androidx.window.core.Version$Companion: androidx.window.core.Version getVERSION_0_1()
io.flutter.view.AccessibilityViewEmbedder: void setFlutterNodesTranslateBounds(android.view.accessibility.AccessibilityNodeInfo,android.graphics.Rect,android.view.accessibility.AccessibilityNodeInfo)
io.flutter.plugins.GeneratedPluginRegistrant: void registerWith(io.flutter.embedding.engine.FlutterEngine)
io.flutter.view.TextureRegistry$ImageTextureEntry: void pushImage(android.media.Image)
io.flutter.view.AccessibilityViewEmbedder: void addChildrenToFlutterNode(android.view.accessibility.AccessibilityNodeInfo,android.view.View,android.view.accessibility.AccessibilityNodeInfo)
kotlin.jvm.internal.Lambda: int getArity()
androidx.window.layout.SidecarWindowBackend$Companion: androidx.window.layout.ExtensionInterfaceCompat initAndVerifyExtension(android.content.Context)
androidx.browser.browseractions.BrowserActionsFallbackMenuView: BrowserActionsFallbackMenuView(android.content.Context,android.util.AttributeSet)
io.flutter.embedding.engine.FlutterJNI: void nativeSurfaceChanged(long,int,int)
androidx.window.layout.WindowInfoTrackerImpl: kotlinx.coroutines.flow.Flow windowLayoutInfo(android.app.Activity)
io.flutter.embedding.engine.systemchannels.PlatformViewsChannel$PlatformViewCreationRequest$RequestedDisplayMode: io.flutter.embedding.engine.systemchannels.PlatformViewsChannel$PlatformViewCreationRequest$RequestedDisplayMode valueOf(java.lang.String)
androidx.window.embedding.SplitPairRule: java.util.Set getFilters()
kotlinx.coroutines.internal.LockFreeLinkedListNode: LockFreeLinkedListNode()
io.flutter.embedding.engine.renderer.FlutterRenderer$ImageReaderSurfaceProducer: void releaseInternal()
androidx.window.layout.SidecarWindowBackend$Companion: SidecarWindowBackend$Companion()
io.flutter.embedding.engine.renderer.SurfaceTextureWrapper: void markDirty()
androidx.window.embedding.ActivityStack: boolean isEmpty()
androidx.window.layout.EmptyDecorator: androidx.window.layout.WindowInfoTracker decorate(androidx.window.layout.WindowInfoTracker)
io.flutter.view.AccessibilityBridge$AccessibilityFeature: io.flutter.view.AccessibilityBridge$AccessibilityFeature valueOf(java.lang.String)
androidx.window.layout.SidecarAdapter$Companion: void setSidecarDisplayFeatures(androidx.window.sidecar.SidecarWindowLayoutInfo,java.util.List)
io.flutter.embedding.engine.FlutterJNI: void nativeRegisterTexture(long,long,java.lang.ref.WeakReference)
androidx.core.graphics.drawable.IconCompat$Api26Impl: android.graphics.drawable.Drawable createAdaptiveIconDrawable(android.graphics.drawable.Drawable,android.graphics.drawable.Drawable)
io.flutter.plugins.urllauncher.Messages$BrowserOptions: Messages$BrowserOptions()
androidx.core.app.AppOpsManagerCompat$Api23Impl: java.lang.Object getSystemService(android.content.Context,java.lang.Class)
io.flutter.embedding.engine.FlutterJNI: void nativeSurfaceWindowChanged(long,android.view.Surface)
io.flutter.embedding.engine.mutatorsstack.FlutterMutatorsStack$FlutterMutatorType: io.flutter.embedding.engine.mutatorsstack.FlutterMutatorsStack$FlutterMutatorType[] values()
kotlinx.coroutines.android.HandlerDispatcher: HandlerDispatcher()
androidx.window.core.Version$Companion: androidx.window.core.Version getUNKNOWN()
androidx.core.graphics.drawable.IconCompat$Api23Impl: android.graphics.drawable.Drawable loadDrawable(android.graphics.drawable.Icon,android.content.Context)