WebDirectory.app/build/app/outputs/mapping/release/mapping.txt
# compiler: R8
# compiler_version: 3.3.70
# min_api: 21
# common_typos_disable
# {"id":"com.android.tools.r8.mapping","version":"2.0"}
# pg_map_id: 49646a9
# pg_map_hash: SHA-256 49646a95afe7d0d0ce1ede1e8d8fc5ca5ef8b766643d5e2a5ffa177ddf88d71c
...
io.flutter.embedding.android.FlutterView$$ExternalSyntheticApiModelOutline1 -> io.flutter.embedding.android.p:
# {"id":"sourceFile","fileName":"R8$$SyntheticClass"}
# {"id":"com.android.tools.r8.synthesized"}
    android.graphics.Insets io.flutter.embedding.android.FlutterView$$InternalSyntheticApiModelOutline$1$1974b9bc396d10aaf33ea08c51ac9f006d75aeec6982d8513d441865065adf5a$0.m(android.view.WindowInsets) -> a
      # {"id":"com.android.tools.r8.synthesized"}
io.flutter.embedding.android.FlutterView$$ExternalSyntheticApiModelOutline2 -> io.flutter.embedding.android.q:
# {"id":"sourceFile","fileName":"R8$$SyntheticClass"}
# {"id":"com.android.tools.r8.synthesized"}
    android.graphics.Insets io.flutter.embedding.android.FlutterView$$InternalSyntheticApiModelOutline$1$1974b9bc396d10aaf33ea08c51ac9f006d75aeec6982d8513d441865065adf5a$1.m(android.view.WindowInsets,int) -> a
      # {"id":"com.android.tools.r8.synthesized"}
io.flutter.embedding.android.FlutterView$$ExternalSyntheticApiModelOutline3 -> io.flutter.embedding.android.r:
# {"id":"sourceFile","fileName":"R8$$SyntheticClass"}
# {"id":"com.android.tools.r8.synthesized"}
    android.graphics.Insets io.flutter.embedding.android.FlutterView$$InternalSyntheticApiModelOutline$1$1974b9bc396d10aaf33ea08c51ac9f006d75aeec6982d8513d441865065adf5a$5.m(android.view.DisplayCutout) -> a
      # {"id":"com.android.tools.r8.synthesized"}
io.flutter.embedding.android.FlutterView$$ExternalSyntheticApiModelOutline4 -> io.flutter.embedding.android.s:
# {"id":"sourceFile","fileName":"R8$$SyntheticClass"}
# {"id":"com.android.tools.r8.synthesized"}
    java.util.List io.flutter.embedding.android.FlutterView$$InternalSyntheticApiModelOutline$1$c4c6007cd547f9ce602424902c34cd0890267c293b00c52a08dd4f1a30e59df3$0.m(android.view.textservice.TextServicesManager) -> a
      # {"id":"com.android.tools.r8.synthesized"}
io.flutter.embedding.android.FlutterView$$ExternalSyntheticApiModelOutline5 -> io.flutter.embedding.android.t:
# {"id":"sourceFile","fileName":"R8$$SyntheticClass"}
# {"id":"com.android.tools.r8.synthesized"}
    java.util.stream.Stream io.flutter.embedding.android.FlutterView$$InternalSyntheticApiModelOutline$1$c4c6007cd547f9ce602424902c34cd0890267c293b00c52a08dd4f1a30e59df3$1.m(java.util.List) -> a
      # {"id":"com.android.tools.r8.synthesized"}
io.flutter.embedding.android.FlutterView$$ExternalSyntheticApiModelOutline6 -> io.flutter.embedding.android.u:
# {"id":"sourceFile","fileName":"R8$$SyntheticClass"}
# {"id":"com.android.tools.r8.synthesized"}
    boolean io.flutter.embedding.android.FlutterView$$InternalSyntheticApiModelOutline$1$c4c6007cd547f9ce602424902c34cd0890267c293b00c52a08dd4f1a30e59df3$3.m(android.view.textservice.TextServicesManager) -> a
      # {"id":"com.android.tools.r8.synthesized"}
io.flutter.embedding.android.FlutterView$$ExternalSyntheticLambda7 -> io.flutter.embedding.android.v:
# {"id":"sourceFile","fileName":"R8$$SyntheticClass"}
# {"id":"com.android.tools.r8.synthesized"}
    void io.flutter.embedding.android.FlutterView$$InternalSyntheticLambda$1$c4c6007cd547f9ce602424902c34cd0890267c293b00c52a08dd4f1a30e59df3$2.<init>() -> <init>
      # {"id":"com.android.tools.r8.synthesized"}
    boolean io.flutter.embedding.android.FlutterView$$InternalSyntheticLambda$1$c4c6007cd547f9ce602424902c34cd0890267c293b00c52a08dd4f1a30e59df3$2.test(java.lang.Object) -> test
      # {"id":"com.android.tools.r8.synthesized"}
io.flutter.embedding.android.FlutterView$1 -> io.flutter.embedding.android.w$a:
    io.flutter.embedding.android.FlutterView this$0 -> a
    void onAccessibilityChanged(boolean,boolean) -> a
io.flutter.embedding.android.FlutterView$2 -> io.flutter.embedding.android.w$b:
    io.flutter.embedding.android.FlutterView this$0 -> a
io.flutter.embedding.android.FlutterView$3 -> io.flutter.embedding.android.w$c:
    io.flutter.embedding.android.FlutterView this$0 -> a
    void onFlutterUiNoLongerDisplayed() -> b
    void onFlutterUiDisplayed() -> e