WebDirectory.app/build/app/outputs/mapping/release/usage.txt
io.flutter.embedding.engine.FlutterShellArgs:
    public static final java.lang.String ARG_CACHE_SKSL
    public static final java.lang.String ARG_DART_FLAGS
    public static final java.lang.String ARG_DISABLE_SERVICE_AUTH_CODES
    public static final java.lang.String ARG_DUMP_SHADER_SKP_ON_SHADER_COMPILATION
    public static final java.lang.String ARG_ENABLE_DART_PROFILING
    public static final java.lang.String ARG_ENABLE_IMPELLER
    public static final java.lang.String ARG_ENABLE_SOFTWARE_RENDERING
    public static final java.lang.String ARG_ENABLE_VULKAN_VALIDATION
    public static final java.lang.String ARG_ENDLESS_TRACE_BUFFER
    public static final java.lang.String ARG_KEY_CACHE_SKSL
    public static final java.lang.String ARG_KEY_DART_FLAGS
    public static final java.lang.String ARG_KEY_DISABLE_SERVICE_AUTH_CODES
    public static final java.lang.String ARG_KEY_DUMP_SHADER_SKP_ON_SHADER_COMPILATION
    public static final java.lang.String ARG_KEY_ENABLE_DART_PROFILING
    public static final java.lang.String ARG_KEY_ENABLE_IMPELLER
    public static final java.lang.String ARG_KEY_ENABLE_SOFTWARE_RENDERING
    public static final java.lang.String ARG_KEY_ENABLE_VULKAN_VALIDATION
    public static final java.lang.String ARG_KEY_ENDLESS_TRACE_BUFFER
    public static final java.lang.String ARG_KEY_MSAA_SAMPLES
    public static final java.lang.String ARG_KEY_OBSERVATORY_PORT
    public static final java.lang.String ARG_KEY_PURGE_PERSISTENT_CACHE
io.flutter.embedding.engine.dart.DartExecutor$DartCallback
io.flutter.embedding.engine.dart.DartExecutor$DefaultBinaryMessenger:
    public void disableBufferingIncomingMessages()
    public void enableBufferingIncomingMessages()
    public io.flutter.plugin.common.BinaryMessenger$TaskQueue makeBackgroundTaskQueue(io.flutter.plugin.common.BinaryMessenger$TaskQueueOptions)
    public void send(java.lang.String,java.nio.ByteBuffer)
io.flutter.embedding.engine.dart.DartExecutor:
    private static final java.lang.String TAG
    public void disableBufferingIncomingMessages()
    public void enableBufferingIncomingMessages()
    public void executeDartCallback(io.flutter.embedding.engine.dart.DartExecutor$DartCallback)
    public void executeDartEntrypoint(io.flutter.embedding.engine.dart.DartExecutor$DartEntrypoint)
    public io.flutter.plugin.common.BinaryMessenger getBinaryMessenger()
    public java.lang.String getIsolateServiceId()
    public int getPendingChannelResponseCount()
    public io.flutter.plugin.common.BinaryMessenger$TaskQueue makeBackgroundTaskQueue(io.flutter.plugin.common.BinaryMessenger$TaskQueueOptions)
    public void send(java.lang.String,java.nio.ByteBuffer)
    public void setIsolateServiceIdListener(io.flutter.embedding.engine.dart.DartExecutor$IsolateServiceIdListener)
io.flutter.embedding.engine.dart.DartMessenger$1
io.flutter.embedding.engine.dart.DartMessenger$ConcurrentTaskQueue
io.flutter.embedding.engine.dart.DartMessenger$DefaultTaskQueueFactory:
    public io.flutter.embedding.engine.dart.DartMessenger$DartMessengerTaskQueue makeBackgroundTaskQueue(io.flutter.plugin.common.BinaryMessenger$TaskQueueOptions)
io.flutter.embedding.engine.dart.DartMessenger$SerialTaskQueue
io.flutter.embedding.engine.dart.DartMessenger$TaskQueueFactory:
    public abstract io.flutter.embedding.engine.dart.DartMessenger$DartMessengerTaskQueue makeBackgroundTaskQueue(io.flutter.plugin.common.BinaryMessenger$TaskQueueOptions)
io.flutter.embedding.engine.dart.DartMessenger$TaskQueueToken
io.flutter.embedding.engine.dart.DartMessenger:
    private static final java.lang.String TAG
    public void disableBufferingIncomingMessages()
    public void enableBufferingIncomingMessages()
    public int getPendingChannelResponseCount()
    public io.flutter.plugin.common.BinaryMessenger$TaskQueue makeBackgroundTaskQueue(io.flutter.plugin.common.BinaryMessenger$TaskQueueOptions)
    public void send(java.lang.String,java.nio.ByteBuffer)